Using pre-set license
Built from '2020.3/staging' branch; Version is '2020.3.41f1 (7c19dc9acfda) revision 8133084'; Using compiler version '192528614'; Build Type 'Release'
OS: 'Windows 11  (10.0.22631) 64bit CoreSingleLanguage' Language: 'en' Physical Memory: 16106 MB
BatchMode: 1, IsHumanControllingUs: 0, StartBugReporterOnCrash: 0, Is64bit: 1, IsPro: 0

COMMAND LINE ARGUMENTS:
D:\Unity\Hub\Editor\2020.3.41f1\Editor\Unity.exe
-adb2
-batchMode
-noUpm
-name
AssetImportWorker0
-projectPath
E:/GitHub/PhuCDTGames_MemeCard
-logFile
Logs/AssetImportWorker0.log
-srvPort
57080
Successfully changed project path to: E:/GitHub/PhuCDTGames_MemeCard
E:/GitHub/PhuCDTGames_MemeCard
Using Asset Import Pipeline V2.
Refreshing native plugins compatible for Editor in 60.10 ms, found 2 plugins.
Preloading 0 native plugins for Editor in 0.00 ms.
Initialize engine version: 2020.3.41f1 (7c19dc9acfda)
[Subsystems] Discovering subsystems at path D:/Unity/Hub/Editor/2020.3.41f1/Editor/Data/Resources/UnitySubsystems
[Subsystems] Discovering subsystems at path E:/GitHub/PhuCDTGames_MemeCard/Assets
GfxDevice: creating device client; threaded=0
Direct3D:
    Version:  Direct3D 11.0 [level 11.1]
    Renderer: NVIDIA GeForce RTX 3050 Laptop GPU (ID=0x25a5)
    Vendor:   
    VRAM:     3977 MB
    Driver:   31.0.15.3598
Initialize mono
Mono path[0] = 'D:/Unity/Hub/Editor/2020.3.41f1/Editor/Data/Managed'
Mono path[1] = 'D:/Unity/Hub/Editor/2020.3.41f1/Editor/Data/MonoBleedingEdge/lib/mono/unityjit'
Mono config path = 'D:/Unity/Hub/Editor/2020.3.41f1/Editor/Data/MonoBleedingEdge/etc'
Using monoOptions --debugger-agent=transport=dt_socket,embedding=1,server=y,suspend=n,address=127.0.0.1:56300
Begin MonoManager ReloadAssembly
Registering precompiled unity dll's ...
Register platform support module: D:/Unity/Hub/Editor/2020.3.41f1/Editor/Data/PlaybackEngines/WebGLSupport/UnityEditor.WebGL.Extensions.dll
Register platform support module: D:/Unity/Hub/Editor/2020.3.41f1/Editor/Data/PlaybackEngines/WindowsStandaloneSupport/UnityEditor.WindowsStandalone.Extensions.dll
Registered in 0.001046 seconds.
Native extension for WindowsStandalone target not found
Native extension for WebGL target not found
Refreshing native plugins compatible for Editor in 61.38 ms, found 2 plugins.
Preloading 0 native plugins for Editor in 0.00 ms.
Mono: successfully reloaded assembly
- Completed reload, in  0.489 seconds
Domain Reload Profiling:
	ReloadAssembly (489ms)
		BeginReloadAssembly (55ms)
			ExecutionOrderSort (0ms)
			DisableScriptedObjects (0ms)
			BackupInstance (0ms)
			ReleaseScriptingObjects (0ms)
			CreateAndSetChildDomain (1ms)
		EndReloadAssembly (382ms)
			LoadAssemblies (55ms)
			RebuildTransferFunctionScriptingTraits (0ms)
			SetupTypeCache (116ms)
			ReleaseScriptCaches (0ms)
			RebuildScriptCaches (24ms)
			SetupLoadedEditorAssemblies (165ms)
				LogAssemblyErrors (0ms)
				InitializePlatformSupportModulesInManaged (4ms)
				SetLoadedEditorAssemblies (0ms)
				RefreshPlugins (61ms)
				BeforeProcessingInitializeOnLoad (13ms)
				ProcessInitializeOnLoadAttributes (62ms)
				ProcessInitializeOnLoadMethodAttributes (24ms)
				AfterProcessingInitializeOnLoad (0ms)
				EditorAssembliesLoaded (0ms)
			ExecutionOrderSort2 (0ms)
			AwakeInstancesAfterBackupRestoration (0ms)
Platform modules already initialized, skipping
Registering precompiled user dll's ...
Registered in 0.002136 seconds.
Begin MonoManager ReloadAssembly
Native extension for WindowsStandalone target not found
Native extension for WebGL target not found
Refreshing native plugins compatible for Editor in 62.56 ms, found 2 plugins.
Preloading 0 native plugins for Editor in 0.00 ms.
Mono: successfully reloaded assembly
- Completed reload, in  1.006 seconds
Domain Reload Profiling:
	ReloadAssembly (1007ms)
		BeginReloadAssembly (121ms)
			ExecutionOrderSort (0ms)
			DisableScriptedObjects (4ms)
			BackupInstance (0ms)
			ReleaseScriptingObjects (0ms)
			CreateAndSetChildDomain (17ms)
		EndReloadAssembly (834ms)
			LoadAssemblies (90ms)
			RebuildTransferFunctionScriptingTraits (0ms)
			SetupTypeCache (261ms)
			ReleaseScriptCaches (1ms)
			RebuildScriptCaches (48ms)
			SetupLoadedEditorAssemblies (373ms)
				LogAssemblyErrors (0ms)
				InitializePlatformSupportModulesInManaged (3ms)
				SetLoadedEditorAssemblies (0ms)
				RefreshPlugins (63ms)
				BeforeProcessingInitializeOnLoad (88ms)
				ProcessInitializeOnLoadAttributes (206ms)
				ProcessInitializeOnLoadMethodAttributes (11ms)
				AfterProcessingInitializeOnLoad (2ms)
				EditorAssembliesLoaded (0ms)
			ExecutionOrderSort2 (0ms)
			AwakeInstancesAfterBackupRestoration (1ms)
Platform modules already initialized, skipping
========================================================================
Worker process is ready to serve import requests
Launched and connected shader compiler UnityShaderCompiler.exe after 0.03 seconds
Refreshing native plugins compatible for Editor in 0.68 ms, found 2 plugins.
Preloading 0 native plugins for Editor in 0.00 ms.
Unloading 3651 Unused Serialized files (Serialized files now loaded: 0)
System memory in use before: 156.3 MB.
System memory in use after: 156.5 MB.

Unloading 22 unused Assets to reduce memory usage. Loaded Objects now: 4091.
Total: 3.144100 ms (FindLiveObjects: 0.253700 ms CreateObjectMapping: 0.101000 ms MarkObjects: 2.702600 ms  DeleteObjects: 0.085400 ms)

AssetImportParameters requested are different than current active one (requested -> active):
  custom:framework-win-MediaFoundation: 216162199b28c13a410421893ffa2e32 -> 
  custom:video-decoder-ogg-theora: a1e56fd34408186e4bbccfd4996cb3dc -> 
  custom:container-muxer-webm: aa71ff27fc2769a1b78a27578f13a17b -> 
  custom:container-demuxer-webm: 4f35f7cbe854078d1ac9338744f61a02 -> 
  custom:container-demuxer-ogg: 62fdf1f143b41e24485cea50d1cbac27 -> 
  custom:video-encoder-webm-vp8: eb34c28f22e8b96e1ab97ce403110664 -> 
  custom:video-decoder-webm-vp8: 9c59270c3fd7afecdb556c50c9e8de78 -> 
  custom:audio-decoder-ogg-vorbis: bf7c407c2cedff20999df2af8eb42d56 -> 
  custom:audio-encoder-webm-vorbis: bf7c407c2cedff20999df2af8eb42d56 -> 
========================================================================
Received Import Request.
  path: Assets/MemeCardAsset/Prefabs/Collection Card.prefab
  artifactKey: Guid(fc425da886386e949ac7f5be36a416f8) Importer(815301076,1909f56bfc062723c751e8b465ee728b)
Start importing Assets/MemeCardAsset/Prefabs/Collection Card.prefab using Guid(fc425da886386e949ac7f5be36a416f8) Importer(815301076,1909f56bfc062723c751e8b465ee728b)  -> (artifact id: 'd06e8a87f72d3cc62bfc4afc63a0a367') in 0.074088 seconds 
========================================================================
Received Import Request.
  Time since last request: 102.685784 seconds.
  path: Assets/MemeCardAsset/Artwork/MEME_Card game/1_Collection/1_Collection_0009_BUTTON.png
  artifactKey: Guid(a5c569819be17e64e99e99986d71bc52) Importer(815301076,1909f56bfc062723c751e8b465ee728b)
Start importing Assets/MemeCardAsset/Artwork/MEME_Card game/1_Collection/1_Collection_0009_BUTTON.png using Guid(a5c569819be17e64e99e99986d71bc52) Importer(815301076,1909f56bfc062723c751e8b465ee728b)  -> (artifact id: '919133cb721f647b1d6f59305cb835da') in 0.061000 seconds 
========================================================================
Received Import Request.
  Time since last request: 15.872991 seconds.
  path: Assets/MemeCardAsset/Artwork/MEME_Card game/1_Collection/1_Collection_0011_Rounded-Rectangle-2.png
  artifactKey: Guid(774fdd8f05e2d5a4898061519e4a19ea) Importer(815301076,1909f56bfc062723c751e8b465ee728b)
Start importing Assets/MemeCardAsset/Artwork/MEME_Card game/1_Collection/1_Collection_0011_Rounded-Rectangle-2.png using Guid(774fdd8f05e2d5a4898061519e4a19ea) Importer(815301076,1909f56bfc062723c751e8b465ee728b)  -> (artifact id: '5285fa897a371b4510ebab818df6ec19') in 0.029021 seconds 
========================================================================
Received Import Request.
  Time since last request: 381.993845 seconds.
  path: Assets/Font/ch_ja_font.asset
  artifactKey: Guid(ee5aedd44e5563c49a891b21db6f5911) Importer(815301076,1909f56bfc062723c751e8b465ee728b)
Start importing Assets/Font/ch_ja_font.asset using Guid(ee5aedd44e5563c49a891b21db6f5911) Importer(815301076,1909f56bfc062723c751e8b465ee728b)  -> (artifact id: '7961169351843884bce2338ebc2cc936') in 0.080451 seconds 
========================================================================
Received Import Request.
  Time since last request: 0.000189 seconds.
  path: Assets/Font/ch_ja_font_title.asset
  artifactKey: Guid(cab254ccf1fcbda49a61c376aefda846) Importer(815301076,1909f56bfc062723c751e8b465ee728b)
Start importing Assets/Font/ch_ja_font_title.asset using Guid(cab254ccf1fcbda49a61c376aefda846) Importer(815301076,1909f56bfc062723c751e8b465ee728b)  -> (artifact id: 'ede76096e10fb3a3a098c88d6b23dded') in 0.035841 seconds 
========================================================================
Received Import Request.
  Time since last request: 0.000265 seconds.
  path: Assets/Font/ko_brown.asset
  artifactKey: Guid(6b430d1c6516dce4dadcf1b916ca8792) Importer(815301076,1909f56bfc062723c751e8b465ee728b)
Start importing Assets/Font/ko_brown.asset using Guid(6b430d1c6516dce4dadcf1b916ca8792) Importer(815301076,1909f56bfc062723c751e8b465ee728b)  -> (artifact id: '94bbc5ad201d7a7dc270f1f3e17aa9bf') in 0.034799 seconds 
========================================================================
Received Import Request.
  Time since last request: 0.000260 seconds.
  path: Assets/Font/ko_font.asset
  artifactKey: Guid(a8205c312a71b63409b5a8be8418611a) Importer(815301076,1909f56bfc062723c751e8b465ee728b)
Start importing Assets/Font/ko_font.asset using Guid(a8205c312a71b63409b5a8be8418611a) Importer(815301076,1909f56bfc062723c751e8b465ee728b)  -> (artifact id: '130cda1d35527cda46b4d24c0298e055') in 0.035590 seconds 
========================================================================
Received Import Request.
  Time since last request: 0.000215 seconds.
  path: Assets/Font/vi_brown.asset
  artifactKey: Guid(294b6c7071a76804fb58b8dbb6c75303) Importer(815301076,1909f56bfc062723c751e8b465ee728b)
Start importing Assets/Font/vi_brown.asset using Guid(294b6c7071a76804fb58b8dbb6c75303) Importer(815301076,1909f56bfc062723c751e8b465ee728b)  -> (artifact id: '3cfa32e79d7ec510b10b64e798ca7732') in 0.022016 seconds 
========================================================================
Received Import Request.
  Time since last request: 0.000303 seconds.
  path: Assets/Font/ja_title_brown.asset
  artifactKey: Guid(4689f216409d2a34ab1867ae01de06c9) Importer(815301076,1909f56bfc062723c751e8b465ee728b)
Start importing Assets/Font/ja_title_brown.asset using Guid(4689f216409d2a34ab1867ae01de06c9) Importer(815301076,1909f56bfc062723c751e8b465ee728b)  -> (artifact id: '2f81cea5c805c65a4993c18f821ba768') in 0.038232 seconds 
========================================================================
Received Import Request.
  Time since last request: 0.000221 seconds.
  path: Assets/Font/vi_font.asset
  artifactKey: Guid(fc1bebc38328cbc45923eb82865a8e62) Importer(815301076,1909f56bfc062723c751e8b465ee728b)
Start importing Assets/Font/vi_font.asset using Guid(fc1bebc38328cbc45923eb82865a8e62) Importer(815301076,1909f56bfc062723c751e8b465ee728b)  -> (artifact id: 'fcb6c8910fa6d0a40688e1d1f51fc153') in 0.028499 seconds 
========================================================================
Received Import Request.
  Time since last request: 0.000279 seconds.
  path: Assets/Font/hi_title_brown.asset
  artifactKey: Guid(7baec2855584b3b4fb6fad47af6cef73) Importer(815301076,1909f56bfc062723c751e8b465ee728b)
Start importing Assets/Font/hi_title_brown.asset using Guid(7baec2855584b3b4fb6fad47af6cef73) Importer(815301076,1909f56bfc062723c751e8b465ee728b)  -> (artifact id: 'aed22a31849c890548a6aae70d032037') in 0.025448 seconds 
========================================================================
Received Import Request.
  Time since last request: 0.000231 seconds.
  path: Assets/Font/ja_brown.asset
  artifactKey: Guid(6e70a190f4567994591e15452190d11d) Importer(815301076,1909f56bfc062723c751e8b465ee728b)
Start importing Assets/Font/ja_brown.asset using Guid(6e70a190f4567994591e15452190d11d) Importer(815301076,1909f56bfc062723c751e8b465ee728b)  -> (artifact id: 'fba8374e009a0da704b120b5a1ed9314') in 0.025621 seconds 
========================================================================
Received Import Request.
  Time since last request: 0.000368 seconds.
  path: Assets/Font/ru_title_brown.asset
  artifactKey: Guid(2be180aaca9112d4ab08328421fe6b09) Importer(815301076,1909f56bfc062723c751e8b465ee728b)
Start importing Assets/Font/ru_title_brown.asset using Guid(2be180aaca9112d4ab08328421fe6b09) Importer(815301076,1909f56bfc062723c751e8b465ee728b)  -> (artifact id: 'c403e6d87859d66e1a80056134a558d9') in 0.027005 seconds 
========================================================================
Received Import Request.
  Time since last request: 0.000259 seconds.
  path: Assets/Font/en_font.asset
  artifactKey: Guid(c24cec8897699f44e8290128cda5f7b3) Importer(815301076,1909f56bfc062723c751e8b465ee728b)
Start importing Assets/Font/en_font.asset using Guid(c24cec8897699f44e8290128cda5f7b3) Importer(815301076,1909f56bfc062723c751e8b465ee728b)  -> (artifact id: '1b60f98aa505b34a4d5d4f074a776a0f') in 0.025034 seconds 
========================================================================
Received Import Request.
  Time since last request: 0.000211 seconds.
  path: Assets/Font/vi_title_brown.asset
  artifactKey: Guid(4e071c26c6792e941bcbbba6f8baa0e0) Importer(815301076,1909f56bfc062723c751e8b465ee728b)
Start importing Assets/Font/vi_title_brown.asset using Guid(4e071c26c6792e941bcbbba6f8baa0e0) Importer(815301076,1909f56bfc062723c751e8b465ee728b)  -> (artifact id: 'cc54bc571e0d79b06444828b28e2ac22') in 0.024982 seconds 
========================================================================
Received Import Request.
  Time since last request: 0.000220 seconds.
  path: Assets/Font/vi_font_title.asset
  artifactKey: Guid(4a6fee01f7648694b88d6f840b9e9f71) Importer(815301076,1909f56bfc062723c751e8b465ee728b)
Start importing Assets/Font/vi_font_title.asset using Guid(4a6fee01f7648694b88d6f840b9e9f71) Importer(815301076,1909f56bfc062723c751e8b465ee728b)  -> (artifact id: '5ff849b6369261b2ad24dcb669a3cf0c') in 0.023812 seconds 
========================================================================
Received Import Request.
  Time since last request: 0.000296 seconds.
  path: Assets/Font/ko_font_title.asset
  artifactKey: Guid(f0aa691837b798143974b8e4d5a287ee) Importer(815301076,1909f56bfc062723c751e8b465ee728b)
Start importing Assets/Font/ko_font_title.asset using Guid(f0aa691837b798143974b8e4d5a287ee) Importer(815301076,1909f56bfc062723c751e8b465ee728b)  -> (artifact id: '4c11527d4077c0e5aca7d864812c78ee') in 0.026867 seconds 
========================================================================
Received Import Request.
  Time since last request: 0.000175 seconds.
  path: Assets/Font/ko_title_brown.asset
  artifactKey: Guid(92d053d9c5a538a49b72a36a5984e54d) Importer(815301076,1909f56bfc062723c751e8b465ee728b)
Start importing Assets/Font/ko_title_brown.asset using Guid(92d053d9c5a538a49b72a36a5984e54d) Importer(815301076,1909f56bfc062723c751e8b465ee728b)  -> (artifact id: 'a27edfad0cf6c76f5a5576de16b7b35a') in 0.024802 seconds 
AssetImportWorkerClient::OnTransportError - code=2 error=End of file
